<?xml version="1.0" encoding="UTF-8"?>
<!-- Generated by org.testng.reporters.JUnitXMLReporter -->
<testsuite hostname="LAPTOP-O92R038B" ignored="0" name="Default test" tests="2" failures="0" timestamp="08 Sep 2019 10:36:51 GMT" time="13.829" errors="0">
  <testcase name="runTC001" time="1.06" classname="org.testleaf.leaftaps.testcases.TC001_LoginLogout"/>
  <testcase name="runTC001" time="1.179" classname="org.testleaf.leaftaps.testcases.TC001_LoginLogout"/>
</testsuite> <!-- Default test -->
