<?xml version="1.0" encoding="UTF-8"?>
<testng-results skipped="0" failed="0" ignored="0" total="2" passed="2">
  <reporter-output>
  </reporter-output>
  <suite name="Default suite" duration-ms="13829" started-at="2019-09-08T10:36:37Z" finished-at="2019-09-08T10:36:51Z">
    <groups>
    </groups>
    <test name="Default test" duration-ms="13829" started-at="2019-09-08T10:36:37Z" finished-at="2019-09-08T10:36:51Z">
      <class name="org.testleaf.leaftaps.testcases.TC001_LoginLogout">
        <test-method status="PASS" signature="setData()[pri:0, instance:org.testleaf.leaftaps.testcases.TC001_LoginLogout@57fffcd7]" name="setData" is-config="true" duration-ms="29" started-at="2019-09-08T10:36:37Z" finished-at="2019-09-08T10:36:37Z">
          <reporter-output>
          </reporter-output>
        </test-method> <!-- setData -->
        <test-method status="PASS" signature="startApp()[pri:0, instance:org.testleaf.leaftaps.testcases.TC001_LoginLogout@57fffcd7]" name="startApp" is-config="true" duration-ms="5797" started-at="2019-09-08T10:36:38Z" finished-at="2019-09-08T10:36:44Z">
          <reporter-output>
          </reporter-output>
        </test-method> <!-- startApp -->
        <test-method status="PASS" signature="runTC001(java.lang.String, java.lang.String)[pri:0, instance:org.testleaf.leaftaps.testcases.TC001_LoginLogout@57fffcd7]" name="runTC001" duration-ms="1060" started-at="2019-09-08T10:36:44Z" data-provider="fetchData" finished-at="2019-09-08T10:36:45Z">
          <params>
            <param index="0">
              <value>
                <![CDATA[Demosalesmanager]]>
              </value>
            </param>
            <param index="1">
              <value>
                <![CDATA[crmsfa]]>
              </value>
            </param>
          </params>
          <reporter-output>
          </reporter-output>
        </test-method> <!-- runTC001 -->
        <test-method status="PASS" signature="closeApp()[pri:0, instance:org.testleaf.leaftaps.testcases.TC001_LoginLogout@57fffcd7]" name="closeApp" is-config="true" duration-ms="100" started-at="2019-09-08T10:36:45Z" finished-at="2019-09-08T10:36:45Z">
          <reporter-output>
          </reporter-output>
        </test-method> <!-- closeApp -->
        <test-method status="PASS" signature="startApp()[pri:0, instance:org.testleaf.leaftaps.testcases.TC001_LoginLogout@57fffcd7]" name="startApp" is-config="true" duration-ms="3912" started-at="2019-09-08T10:36:45Z" finished-at="2019-09-08T10:36:49Z">
          <reporter-output>
          </reporter-output>
        </test-method> <!-- startApp -->
        <test-method status="PASS" signature="runTC001(java.lang.String, java.lang.String)[pri:0, instance:org.testleaf.leaftaps.testcases.TC001_LoginLogout@57fffcd7]" name="runTC001" duration-ms="1179" started-at="2019-09-08T10:36:49Z" data-provider="fetchData" finished-at="2019-09-08T10:36:50Z">
          <params>
            <param index="0">
              <value>
                <![CDATA[DemoCSR]]>
              </value>
            </param>
            <param index="1">
              <value>
                <![CDATA[crmsfa]]>
              </value>
            </param>
          </params>
          <reporter-output>
          </reporter-output>
        </test-method> <!-- runTC001 -->
        <test-method status="PASS" signature="closeApp()[pri:0, instance:org.testleaf.leaftaps.testcases.TC001_LoginLogout@57fffcd7]" name="closeApp" is-config="true" duration-ms="161" started-at="2019-09-08T10:36:50Z" finished-at="2019-09-08T10:36:51Z">
          <reporter-output>
          </reporter-output>
        </test-method> <!-- closeApp -->
      </class> <!-- org.testleaf.leaftaps.testcases.TC001_LoginLogout -->
    </test> <!-- Default test -->
  </suite> <!-- Default suite -->
</testng-results>
